#
# There is insufficient memory for the Java Runtime Environment to continue.
# Native memory allocation (malloc) failed to allocate 804416 bytes for Chunk::new
# Possible reasons:
#   The system is out of physical RAM or swap space
#   In 32 bit mode, the process size limit was hit
# Possible solutions:
#   Reduce memory load on the system
#   Increase physical memory or swap space
#   Check if swap backing store is full
#   Use 64 bit Java on a 64 bit OS
#   Decrease Java heap size (-Xmx/-Xms)
#   Decrease number of Java threads
#   Decrease Java thread stack sizes (-Xss)
#   Set larger code cache with -XX:ReservedCodeCacheSize=
# This output file may be truncated or incomplete.
#
#  Out of Memory Error (allocation.cpp:390), pid=5136, tid=0x0000000000000938
#
# JRE version: OpenJDK Runtime Environment (8.0_112-b06) (build 1.8.0_112-release-b06)
# Java VM: OpenJDK 64-Bit Server VM (25.112-b06 mixed mode windows-amd64 compressed oops)
# Failed to write core dump. Minidumps are not enabled by default on client versions of Windows
#

---------------  T H R E A D  ---------------

Current thread (0x0000000014e4d000):  JavaThread "C2 CompilerThread1" daemon [_thread_in_native, id=2360, stack(0x0000000016550000,0x0000000016650000)]

Stack: [0x0000000016550000,0x0000000016650000]
[error occurred during error reporting (printing stack bounds), id 0xc0000005]

Native frames: (J=compiled Java code, j=interpreted, Vv=VM code, C=native code)


Current CompileTask:
C2:  48037 7290   !   4       java.io.ObjectOutputStream::writeObject0 (619 bytes)


---------------  P R O C E S S  ---------------

Java Threads: ( => current thread )
  0x0000000016878000 JavaThread "File lock request listener" [_thread_in_native, id=612, stack(0x000000001a750000,0x000000001a850000)]
  0x0000000017886000 JavaThread "Stdin handler" [_thread_blocked, id=8616, stack(0x000000001a450000,0x000000001a550000)]
  0x0000000017885800 JavaThread "Asynchronous log dispatcher for DefaultDaemonConnection: socket connection from /127.0.0.1:61468 to /127.0.0.1:61469" [_thread_blocked, id=7704, stack(0x000000001a350000,0x000000001a450000)]
  0x0000000017893800 JavaThread "Daemon worker" [_thread_in_vm, id=7204, stack(0x000000001a250000,0x000000001a350000)]
  0x0000000017ab3800 JavaThread "Cancel handler" [_thread_blocked, id=9084, stack(0x000000001a150000,0x000000001a250000)]
  0x0000000017896800 JavaThread "pool-1-thread-1" [_thread_blocked, id=3620, stack(0x000000001a050000,0x000000001a150000)]
  0x0000000017745800 JavaThread "Handler for socket connection from /127.0.0.1:61468 to /127.0.0.1:61469" [_thread_in_native, id=5748, stack(0x0000000019f50000,0x000000001a050000)]
  0x0000000017654000 JavaThread "Daemon" [_thread_blocked, id=4740, stack(0x0000000019e50000,0x0000000019f50000)]
  0x0000000017bbe000 JavaThread "Incoming local TCP Connector on port 61468" [_thread_in_native, id=6688, stack(0x00000000194f0000,0x00000000195f0000)]
  0x0000000016754000 JavaThread "Service Thread" daemon [_thread_blocked, id=320, stack(0x0000000016b50000,0x0000000016c50000)]
  0x0000000014e5b800 JavaThread "C1 CompilerThread2" daemon [_thread_blocked, id=6480, stack(0x0000000016650000,0x0000000016750000)]
=>0x0000000014e4d000 JavaThread "C2 CompilerThread1" daemon [_thread_in_native, id=2360, stack(0x0000000016550000,0x0000000016650000)]
  0x0000000014dfc000 JavaThread "C2 CompilerThread0" daemon [_thread_in_native, id=5264, stack(0x0000000016450000,0x0000000016550000)]
  0x0000000014dfa800 JavaThread "Attach Listener" daemon [_thread_blocked, id=6592, stack(0x0000000016350000,0x0000000016450000)]
  0x0000000014df9000 JavaThread "Signal Dispatcher" daemon [_thread_blocked, id=4256, stack(0x0000000016250000,0x0000000016350000)]
  0x000000000272c000 JavaThread "Finalizer" daemon [_thread_blocked, id=1256, stack(0x0000000016070000,0x0000000016170000)]
  0x0000000002721000 JavaThread "Reference Handler" daemon [_thread_blocked, id=5984, stack(0x0000000015f70000,0x0000000016070000)]
  0x000000000262d800 JavaThread "main" [_thread_blocked, id=924, stack(0x0000000002500000,0x0000000002600000)]

Other Threads:
  0x0000000014dc4800 VMThread [stack: 0x0000000015e70000,0x0000000015f70000] [id=8596]
  0x0000000016756000 WatcherThread [stack: 0x0000000016c50000,0x0000000016d50000] [id=8092]

VM state:not at safepoint (normal execution)

VM Mutex/Monitor currently owned by a thread: None

Heap:
 PSYoungGen      total 160256K, used 63980K [0x00000000eab00000, 0x00000000f9680000, 0x0000000100000000)
  eden space 139776K, 31% used [0x00000000eab00000,0x00000000ed582480,0x00000000f3380000)
  from space 20480K, 99% used [0x00000000f3380000,0x00000000f4778c90,0x00000000f4780000)
  to   space 27136K, 0% used [0x00000000f7c00000,0x00000000f7c00000,0x00000000f9680000)
 ParOldGen       total 99328K, used 40566K [0x00000000c0000000, 0x00000000c6100000, 0x00000000eab00000)
  object space 99328K, 40% used [0x00000000c0000000,0x00000000c279d978,0x00000000c6100000)
 Metaspace       used 56129K, capacity 58790K, committed 58880K, reserved 1099776K
  class space    used 7807K, capacity 8447K, committed 8448K, reserved 1048576K

Card table byte_map: [0x0000000011af0000,0x0000000011d00000] byte_map_base: 0x00000000114f0000

Marking Bits: (ParMarkBitMap*) 0x0000000050bf18f0
 Begin Bits: [0x0000000012260000, 0x0000000013260000)
 End Bits:   [0x0000000013260000, 0x0000000014260000)

Polling page: 0x0000000002440000

CodeCache: size=245760Kb used=25635Kb max_used=25644Kb free=220125Kb
 bounds [0x0000000002730000, 0x0000000004050000, 0x0000000011730000]
 total_blobs=7484 nmethods=6732 adapters=662
 compilation: enabled

Compilation events (10 events):
Event: 48.007 Thread 0x0000000014e5b800 nmethod 7302 0x0000000004046310 code [0x0000000004046480, 0x0000000004046628]
Event: 48.007 Thread 0x0000000014e5b800 7303       3       java.io.Bits::putChar (16 bytes)
Event: 48.007 Thread 0x0000000014e5b800 nmethod 7303 0x0000000004045f50 code [0x00000000040460a0, 0x0000000004046210]
Event: 48.008 Thread 0x0000000014e5b800 7304   !   3       sun.reflect.GeneratedMethodAccessor92::invoke (66 bytes)
Event: 48.008 Thread 0x0000000014e5b800 nmethod 7304 0x000000000404a690 code [0x000000000404a8a0, 0x000000000404b428]
Event: 48.009 Thread 0x0000000014dfc000 7305       4       java.io.ObjectOutputStream$HandleTable::assign (52 bytes)
Event: 48.013 Thread 0x0000000014dfc000 nmethod 7305 0x000000000404e8d0 code [0x000000000404ea40, 0x000000000404ed08]
Event: 48.014 Thread 0x0000000014e5b800 7306       3       java.io.ObjectOutputStream$BlockDataOutputStream::writeChar (47 bytes)
Event: 48.014 Thread 0x0000000014e5b800 nmethod 7306 0x000000000404ded0 code [0x000000000404e080, 0x000000000404e618]
Event: 48.016 Thread 0x0000000014dfc000 7307   !   4       java.io.ObjectStreamClass::lookup (335 bytes)

GC Heap History (10 events):
Event: 35.481 GC heap before
{Heap before GC invocations=9 (full 2):
 PSYoungGen      total 96256K, used 10543K [0x00000000eab00000, 0x00000000f2f80000, 0x0000000100000000)
  eden space 85504K, 0% used [0x00000000eab00000,0x00000000eab00000,0x00000000efe80000)
  from space 10752K, 98% used [0x00000000efe80000,0x00000000f08cbe18,0x00000000f0900000)
  to   space 11776K, 0% used [0x00000000f2400000,0x00000000f2400000,0x00000000f2f80000)
 ParOldGen       total 64000K, used 12139K [0x00000000c0000000, 0x00000000c3e80000, 0x00000000eab00000)
  object space 64000K, 18% used [0x00000000c0000000,0x00000000c0bdaf80,0x00000000c3e80000)
 Metaspace       used 34450K, capacity 35258K, committed 35456K, reserved 1079296K
  class space    used 4643K, capacity 4881K, committed 4992K, reserved 1048576K
Event: 35.585 GC heap after
Heap after GC invocations=9 (full 2):
 PSYoungGen      total 96256K, used 0K [0x00000000eab00000, 0x00000000f2f80000, 0x0000000100000000)
  eden space 85504K, 0% used [0x00000000eab00000,0x00000000eab00000,0x00000000efe80000)
  from space 10752K, 0% used [0x00000000efe80000,0x00000000efe80000,0x00000000f0900000)
  to   space 11776K, 0% used [0x00000000f2400000,0x00000000f2400000,0x00000000f2f80000)
 ParOldGen       total 99328K, used 16783K [0x00000000c0000000, 0x00000000c6100000, 0x00000000eab00000)
  object space 99328K, 16% used [0x00000000c0000000,0x00000000c1063e98,0x00000000c6100000)
 Metaspace       used 34450K, capacity 35258K, committed 35456K, reserved 1079296K
  class space    used 4643K, capacity 4881K, committed 4992K, reserved 1048576K
}
Event: 37.084 GC heap before
{Heap before GC invocations=10 (full 2):
 PSYoungGen      total 96256K, used 85504K [0x00000000eab00000, 0x00000000f2f80000, 0x0000000100000000)
  eden space 85504K, 100% used [0x00000000eab00000,0x00000000efe80000,0x00000000efe80000)
  from space 10752K, 0% used [0x00000000efe80000,0x00000000efe80000,0x00000000f0900000)
  to   space 11776K, 0% used [0x00000000f2400000,0x00000000f2400000,0x00000000f2f80000)
 ParOldGen       total 99328K, used 16783K [0x00000000c0000000, 0x00000000c6100000, 0x00000000eab00000)
  object space 99328K, 16% used [0x00000000c0000000,0x00000000c1063e98,0x00000000c6100000)
 Metaspace       used 38238K, capacity 39090K, committed 39424K, reserved 1083392K
  class space    used 5123K, capacity 5333K, committed 5376K, reserved 1048576K
Event: 37.134 GC heap after
Heap after GC invocations=10 (full 2):
 PSYoungGen      total 123392K, used 8900K [0x00000000eab00000, 0x00000000f4200000, 0x0000000100000000)
  eden space 111616K, 0% used [0x00000000eab00000,0x00000000eab00000,0x00000000f1800000)
  from space 11776K, 75% used [0x00000000f2400000,0x00000000f2cb13e8,0x00000000f2f80000)
  to   space 12288K, 0% used [0x00000000f1800000,0x00000000f1800000,0x00000000f2400000)
 ParOldGen       total 99328K, used 16791K [0x00000000c0000000, 0x00000000c6100000, 0x00000000eab00000)
  object space 99328K, 16% used [0x00000000c0000000,0x00000000c1065e98,0x00000000c6100000)
 Metaspace       used 38238K, capacity 39090K, committed 39424K, reserved 1083392K
  class space    used 5123K, capacity 5333K, committed 5376K, reserved 1048576K
}
Event: 40.315 GC heap before
{Heap before GC invocations=11 (full 2):
 PSYoungGen      total 123392K, used 120516K [0x00000000eab00000, 0x00000000f4200000, 0x0000000100000000)
  eden space 111616K, 100% used [0x00000000eab00000,0x00000000f1800000,0x00000000f1800000)
  from space 11776K, 75% used [0x00000000f2400000,0x00000000f2cb13e8,0x00000000f2f80000)
  to   space 12288K, 0% used [0x00000000f1800000,0x00000000f1800000,0x00000000f2400000)
 ParOldGen       total 99328K, used 16791K [0x00000000c0000000, 0x00000000c6100000, 0x00000000eab00000)
  object space 99328K, 16% used [0x00000000c0000000,0x00000000c1065e98,0x00000000c6100000)
 Metaspace       used 46013K, capacity 47486K, committed 47616K, reserved 1089536K
  class space    used 6199K, capacity 6595K, committed 6656K, reserved 1048576K
Event: 40.342 GC heap after
Heap after GC invocations=11 (full 2):
 PSYoungGen      total 123904K, used 12271K [0x00000000eab00000, 0x00000000f5680000, 0x0000000100000000)
  eden space 111616K, 0% used [0x00000000eab00000,0x00000000eab00000,0x00000000f1800000)
  from space 12288K, 99% used [0x00000000f1800000,0x00000000f23fbff0,0x00000000f2400000)
  to   space 15360K, 0% used [0x00000000f4780000,0x00000000f4780000,0x00000000f5680000)
 ParOldGen       total 99328K, used 21407K [0x00000000c0000000, 0x00000000c6100000, 0x00000000eab00000)
  object space 99328K, 21% used [0x00000000c0000000,0x00000000c14e7ef0,0x00000000c6100000)
 Metaspace       used 46013K, capacity 47486K, committed 47616K, reserved 1089536K
  class space    used 6199K, capacity 6595K, committed 6656K, reserved 1048576K
}
Event: 42.581 GC heap before
{Heap before GC invocations=12 (full 2):
 PSYoungGen      total 123904K, used 123887K [0x00000000eab00000, 0x00000000f5680000, 0x0000000100000000)
  eden space 111616K, 100% used [0x00000000eab00000,0x00000000f1800000,0x00000000f1800000)
  from space 12288K, 99% used [0x00000000f1800000,0x00000000f23fbff0,0x00000000f2400000)
  to   space 15360K, 0% used [0x00000000f4780000,0x00000000f4780000,0x00000000f5680000)
 ParOldGen       total 99328K, used 21407K [0x00000000c0000000, 0x00000000c6100000, 0x00000000eab00000)
  object space 99328K, 21% used [0x00000000c0000000,0x00000000c14e7ef0,0x00000000c6100000)
 Metaspace       used 51331K, capacity 53196K, committed 53376K, reserved 1095680K
  class space    used 7004K, capacity 7499K, committed 7552K, reserved 1048576K
Event: 42.641 GC heap after
Heap after GC invocations=12 (full 2):
 PSYoungGen      total 155136K, used 15347K [0x00000000eab00000, 0x00000000f6400000, 0x0000000100000000)
  eden space 139776K, 0% used [0x00000000eab00000,0x00000000eab00000,0x00000000f3380000)
  from space 15360K, 99% used [0x00000000f4780000,0x00000000f567cc80,0x00000000f5680000)
  to   space 20480K, 0% used [0x00000000f3380000,0x00000000f3380000,0x00000000f4780000)
 ParOldGen       total 99328K, used 30024K [0x00000000c0000000, 0x00000000c6100000, 0x00000000eab00000)
  object space 99328K, 30% used [0x00000000c0000000,0x00000000c1d52128,0x00000000c6100000)
 Metaspace       used 51331K, capacity 53196K, committed 53376K, reserved 1095680K
  class space    used 7004K, capacity 7499K, committed 7552K, reserved 1048576K
}
Event: 46.537 GC heap before
{Heap before GC invocations=13 (full 2):
 PSYoungGen      total 155136K, used 155123K [0x00000000eab00000, 0x00000000f6400000, 0x0000000100000000)
  eden space 139776K, 100% used [0x00000000eab00000,0x00000000f3380000,0x00000000f3380000)
  from space 15360K, 99% used [0x00000000f4780000,0x00000000f567cc80,0x00000000f5680000)
  to   space 20480K, 0% used [0x00000000f3380000,0x00000000f3380000,0x00000000f4780000)
 ParOldGen       total 99328K, used 30024K [0x00000000c0000000, 0x00000000c6100000, 0x00000000eab00000)
  object space 99328K, 30% used [0x00000000c0000000,0x00000000c1d52128,0x00000000c6100000)
 Metaspace       used 54333K, capacity 56434K, committed 56704K, reserved 1097728K
  class space    used 7467K, capacity 7985K, committed 8064K, reserved 1048576K
Event: 46.620 GC heap after
Heap after GC invocations=13 (full 2):
 PSYoungGen      total 160256K, used 20451K [0x00000000eab00000, 0x00000000f9680000, 0x0000000100000000)
  eden space 139776K, 0% used [0x00000000eab00000,0x00000000eab00000,0x00000000f3380000)
  from space 20480K, 99% used [0x00000000f3380000,0x00000000f4778c90,0x00000000f4780000)
  to   space 27136K, 0% used [0x00000000f7c00000,0x00000000f7c00000,0x00000000f9680000)
 ParOldGen       total 99328K, used 40566K [0x00000000c0000000, 0x00000000c6100000, 0x00000000eab00000)
  object space 99328K, 40% used [0x00000000c0000000,0x00000000c279d978,0x00000000c6100000)
 Metaspace       used 54333K, capacity 56434K, committed 56704K, reserved 1097728K
  class space    used 7467K, capacity 7985K, committed 8064K, reserved 1048576K
}

Deoptimization events (10 events):
Event: 45.649 Thread 0x0000000017893800 Uncommon trap: reason=class_check action=maybe_recompile pc=0x0000000002d3e1c0 method=java.lang.Throwable.<init>(Ljava/lang/String;Ljava/lang/Throwable;)V @ 24
Event: 45.727 Thread 0x0000000017893800 Uncommon trap: reason=class_check action=maybe_recompile pc=0x0000000002d3e1c0 method=java.lang.Throwable.<init>(Ljava/lang/String;Ljava/lang/Throwable;)V @ 24
Event: 45.838 Thread 0x0000000017893800 Uncommon trap: reason=unstable_if action=reinterpret pc=0x0000000003d4d618 method=java.beans.PropertyDescriptor.findPropertyType(Ljava/lang/reflect/Method;Ljava/lang/reflect/Method;)Ljava/lang/Class; @ 160
Event: 46.654 Thread 0x0000000017893800 Uncommon trap: reason=unstable_if action=reinterpret pc=0x0000000003d61a48 method=java.lang.Class$MethodArray.addInterfaceMethods([Ljava/lang/reflect/Method;)V @ 28
Event: 46.695 Thread 0x0000000017893800 Uncommon trap: reason=unstable_if action=reinterpret pc=0x0000000003e03784 method=org.codehaus.groovy.reflection.CachedClass.isAssignableFrom(Ljava/lang/Class;)Z @ 1
Event: 46.845 Thread 0x0000000017893800 Uncommon trap: reason=unstable_if action=reinterpret pc=0x0000000003004eb8 method=java.lang.AbstractStringBuilder.append(I)Ljava/lang/AbstractStringBuilder; @ 16
Event: 46.871 Thread 0x0000000017893800 Uncommon trap: reason=class_check action=maybe_recompile pc=0x0000000002d3e1c0 method=java.lang.Throwable.<init>(Ljava/lang/String;Ljava/lang/Throwable;)V @ 24
Event: 47.392 Thread 0x0000000017893800 Uncommon trap: reason=unstable_if action=reinterpret pc=0x0000000003e5a564 method=org.codehaus.groovy.runtime.metaclass.MetaMethodIndex.getMethods(Ljava/lang/Class;Ljava/lang/String;)Lorg/codehaus/groovy/runtime/metaclass/MetaMethodIndex$Entry; @ 61
Event: 47.680 Thread 0x0000000017893800 Uncommon trap: reason=class_check action=maybe_recompile pc=0x0000000002d3e1c0 method=java.lang.Throwable.<init>(Ljava/lang/String;Ljava/lang/Throwable;)V @ 24
Event: 47.903 Thread 0x0000000017893800 Uncommon trap: reason=unstable_if action=reinterpret pc=0x00000000030205f8 method=java.lang.reflect.Proxy.isProxyClass(Ljava/lang/Class;)Z @ 6

Internal exceptions (10 events):
Event: 47.438 Thread 0x0000000017893800 Exception <a 'java/lang/ClassNotFoundException': com/google/common/collect/AbstractMapBasedMultimap$WrappedListCustomizer> (0x00000000ec761000) thrown at [C:\src\android\AOSP-openjdk\external\jetbrains\jdk\hotspot\src\share\vm\classfile\systemDictionary.cp©
ñH@∏G@
Event: 47.439 Thread 0x0000000017893800 Exception <a 'java/lang/ClassNotFoundException': com/google/common/collect/AbstractMapBasedMultimap$RandomAccessWrappedListCustomizer> (0x00000000ec783f68) thrown at [C:\src\android\AOSP-openjdk\external\jetbrains\jdk\hotspot\src\share\vm\classfile\systemD√Œ‡∞πG@
Event: 47.451 Thread 0x0000000017893800 Exception <a 'java/lang/ClassNotFoundException': org/gradle/internal/component/external/model/DefaultModuleComponentArtifactIdentifierBeanInfo> (0x00000000ec806da8) thrown at [C:\src\android\AOSP-openjdk\external\jetbrains\jdk\hotspot\src\share\vm\classfil≤)àŒπG@
Event: 47.452 Thread 0x0000000017893800 Exception <a 'java/lang/ClassNotFoundException': org/gradle/internal/component/external/model/DefaultModuleComponentArtifactIdentifierCustomizer> (0x00000000ec836260) thrown at [C:\src\android\AOSP-openjdk\external\jetbrains\jdk\hotspot\src\share\vm\classfÍEù◊PΩG@
Event: 47.479 Thread 0x0000000017893800 Exception <a 'java/lang/ClassNotFoundException': org/jetbrains/plugins/gradle/model/DefaultExternalLibraryDependencyBeanInfo> (0x00000000ec880360) thrown at [C:\src\android\AOSP-openjdk\external\jetbrains\jdk\hotspot\src\share\vm\classfile\systemDictionary
Event: 47.480 Thread 0x0000000017893800 Exception <a 'java/lang/ClassNotFoundException': org/jetbrains/plugins/gradle/model/AbstractExternalDependencyBeanInfo> (0x00000000ec88f4e0) thrown at [C:\src\android\AOSP-openjdk\external\jetbrains\jdk\hotspot\src\share\vm\classfile\systemDictionary.cpp, tàÛ™uΩG@
Event: 47.480 Thread 0x0000000017893800 Exception <a 'java/lang/ClassNotFoundException': org/jetbrains/plugins/gradle/model/AbstractExternalDependencyCustomizer> (0x00000000ec89e860) thrown at [C:\src\android\AOSP-openjdk\external\jetbrains\jdk\hotspot\src\share\vm\classfile\systemDictionary.cpp"˝⁄”‘æG@
Event: 47.491 Thread 0x0000000017893800 Exception <a 'java/lang/ClassNotFoundException': org/jetbrains/plugins/gradle/model/DefaultExternalLibraryDependencyCustomizer> (0x00000000ec8caeb8) thrown at [C:\src\android\AOSP-openjdk\external\jetbrains\jdk\hotspot\src\share\vm\classfile\systemDictiona=#îf G@
Event: 47.581 Thread 0x0000000017893800 Exception <a 'java/lang/ClassNotFoundException': org/gradle/api/internal/artifacts/result/DefaultResolvedArtifactResultBeanInfo> (0x00000000eca09a18) thrown at [C:\src\android\AOSP-openjdk\external\jetbrains\jdk\hotspot\src\share\vm\classfile\systemDiction∏;3Ìπ G@
Event: 47.584 Thread 0x0000000017893800 Exception <a 'java/lang/ClassNotFoundException': org/gradle/api/internal/artifacts/result/DefaultResolvedArtifactResultCustomizer> (0x00000000eca39088) thrown at [C:\src\android\AOSP-openjdk\external\jetbrains\jdk\hotspot\src\share\vm\classfile\systemDictispe_∏G@

Events (10 events):
Event: 47.965 loading class com/google/common/collect/ImmutableMultimap
Event: 47.965 loading class com/google/common/collect/ImmutableMultimap done
Event: 47.968 loading class com/google/common/collect/ImmutableBiMap$Builder
Event: 47.968 loading class com/google/common/collect/ImmutableBiMap$Builder done
Event: 47.969 loading class com/google/common/collect/ImmutableBiMap$SerializedForm
Event: 47.969 loading class com/google/common/collect/ImmutableBiMap$SerializedForm done
Event: 47.970 loading class com/google/common/collect/ImmutableMap$SerializedForm
Event: 47.970 loading class com/google/common/collect/ImmutableMap$SerializedForm done
Event: 47.982 loading class com/google/common/collect/ImmutableSet$SerializedForm
Event: 47.982 loading class com/google/common/collect/ImmutableSet$SerializedForm done


Dynamic libraries:
0x00007ff7983e0000 - 0x00007ff798411000 	C:\Program Files\Android\Android Studio\jre\bin\java.exe
0x00007ffa52500000 - 0x00007ffa526c2000 	C:\Windows\SYSTEM32\ntdll.dll
0x00007ffa51100000 - 0x00007ffa511ad000 	C:\Windows\system32\KERNEL32.DLL
0x00007ffa4efd0000 - 0x00007ffa4f1ad000 	C:\Windows\system32\KERNELBASE.dll
0x00007ffa51dc0000 - 0x00007ffa51e66000 	C:\Windows\system32\ADVAPI32.dll
0x00007ffa51560000 - 0x00007ffa515fd000 	C:\Windows\system32\msvcrt.dll
0x00007ffa51950000 - 0x00007ffa519ab000 	C:\Windows\system32\sechost.dll
0x00007ffa51600000 - 0x00007ffa51726000 	C:\Windows\system32\RPCRT4.dll
0x00007ffa51b10000 - 0x00007ffa51c5e000 	C:\Windows\system32\USER32.dll
0x00007ffa521a0000 - 0x00007ffa52325000 	C:\Windows\system32\GDI32.dll
0x00007ffa456d0000 - 0x00007ffa45944000 	C:\Windows\WinSxS\amd64_microsoft.windows.common-controls_6595b64144ccf1df_6.0.10240.16384_none_f41f7b285750ef43\COMCTL32.dll
0x00007ffa51d80000 - 0x00007ffa51db6000 	C:\Windows\system32\IMM32.DLL
0x00007ffa52340000 - 0x00007ffa5249c000 	C:\Windows\system32\MSCTF.dll
0x0000000050350000 - 0x0000000050422000 	C:\Program Files\Android\Android Studio\jre\jre\bin\msvcr100.dll
0x0000000050430000 - 0x0000000050c6c000 	C:\Program Files\Android\Android Studio\jre\jre\bin\server\jvm.dll
0x00007ffa52330000 - 0x00007ffa52338000 	C:\Windows\system32\PSAPI.DLL
0x00007ffa4b7a0000 - 0x00007ffa4b7a9000 	C:\Windows\SYSTEM32\WSOCK32.dll
0x00007ffa45aa0000 - 0x00007ffa45ac3000 	C:\Windows\SYSTEM32\WINMM.dll
0x00007ffa511b0000 - 0x00007ffa51219000 	C:\Windows\system32\WS2_32.dll
0x00007ffa51730000 - 0x00007ffa51738000 	C:\Windows\system32\NSI.dll
0x00007ffa44710000 - 0x00007ffa4471a000 	C:\Windows\SYSTEM32\VERSION.dll
0x00007ffa45a70000 - 0x00007ffa45a9c000 	C:\Windows\SYSTEM32\WINMMBASE.dll
0x00007ffa4f1b0000 - 0x00007ffa4f1f4000 	C:\Windows\system32\cfgmgr32.dll
0x00007ffa4d800000 - 0x00007ffa4d827000 	C:\Windows\SYSTEM32\DEVOBJ.dll
0x00007ffa489a0000 - 0x00007ffa489af000 	C:\Program Files\Android\Android Studio\jre\jre\bin\verify.dll
0x00007ffa3e090000 - 0x00007ffa3e0b9000 	C:\Program Files\Android\Android Studio\jre\jre\bin\java.dll
0x00007ffa3de60000 - 0x00007ffa3de76000 	C:\Program Files\Android\Android Studio\jre\jre\bin\zip.dll
0x00007ffa4fbd0000 - 0x00007ffa510f5000 	C:\Windows\system32\SHELL32.dll
0x00007ffa4f200000 - 0x00007ffa4f828000 	C:\Windows\system32\windows.storage.dll
0x00007ffa51e70000 - 0x00007ffa520ec000 	C:\Windows\system32\combase.dll
0x00007ffa518f0000 - 0x00007ffa51941000 	C:\Windows\system32\shlwapi.dll
0x00007ffa4ef30000 - 0x00007ffa4ef3f000 	C:\Windows\system32\kernel.appcore.dll
0x00007ffa4f830000 - 0x00007ffa4f8e3000 	C:\Windows\system32\shcore.dll
0x00007ffa4ef80000 - 0x00007ffa4efca000 	C:\Windows\system32\powrprof.dll
0x00007ffa4ef60000 - 0x00007ffa4ef73000 	C:\Windows\system32\profapi.dll
0x00007ffa3bf70000 - 0x00007ffa3bf8a000 	C:\Program Files\Android\Android Studio\jre\jre\bin\net.dll
0x00007ffa4e5c0000 - 0x00007ffa4e61d000 	C:\Windows\system32\mswsock.dll
0x00007ffa3afa0000 - 0x00007ffa3afb1000 	C:\Program Files\Android\Android Studio\jre\jre\bin\nio.dll
0x00007ffa386a0000 - 0x00007ffa386be000 	C:\Users\nando.awd\.gradle\native\23\windows-amd64\native-platform.dll
0x00007ffa4e8f0000 - 0x00007ffa4e907000 	C:\Windows\SYSTEM32\CRYPTSP.dll
0x00007ffa4ee60000 - 0x00007ffa4ee88000 	C:\Windows\SYSTEM32\bcrypt.dll
0x00007ffa4e3e0000 - 0x00007ffa4e413000 	C:\Windows\system32\rsaenh.dll
0x00007ffa4e730000 - 0x00007ffa4e74f000 	C:\Windows\SYSTEM32\USERENV.dll
0x00007ffa4ed50000 - 0x00007ffa4edbb000 	C:\Windows\system32\bcryptprimitives.dll
0x00007ffa4e9f0000 - 0x00007ffa4e9fb000 	C:\Windows\SYSTEM32\CRYPTBASE.dll
0x00007ffa4bf20000 - 0x00007ffa4bf58000 	C:\Windows\SYSTEM32\IPHLPAPI.DLL
0x00007ffa4c1e0000 - 0x00007ffa4c1eb000 	C:\Windows\SYSTEM32\WINNSI.DLL
0x00007ffa4b6b0000 - 0x00007ffa4b6c6000 	C:\Windows\SYSTEM32\dhcpcsvc6.DLL
0x00007ffa4bb00000 - 0x00007ffa4bb1a000 	C:\Windows\SYSTEM32\dhcpcsvc.DLL
0x00007ffa403b0000 - 0x00007ffa403bd000 	C:\Program Files\Android\Android Studio\jre\jre\bin\management.dll

VM Arguments:
jvm_args: -XX:MaxPermSize=256m -XX:+HeapDumpOnOutOfMemoryError -Xmx1024m -Dfile.encoding=windows-1252 -Duser.country=US -Duser.language=en -Duser.variant 
java_command: org.gradle.launcher.daemon.bootstrap.GradleDaemon 3.3
java_class_path (initial): C:\Users\nando.awd\.gradle\wrapper\dists\gradle-3.3-all\55gk2rcmfc6p2dg9u9ohc3hw9\gradle-3.3\lib\gradle-launcher-3.3.jar
Launcher Type: SUN_STANDARD

Environment Variables:
PATH=C:\Windows\system32;C:\Windows;C:\Windows\System32\Wbem;C:\Windows\System32\WindowsPowerShell\v1.0\
USERNAME=nando.awd
OS=Windows_NT
PROCESSOR_IDENTIFIER=Intel64 Family 6 Model 58 Stepping 9, GenuineIntel



---------------  S Y S T E M  ---------------

OS: Windows 10.0 , 64 bit Build 10240 (10.0.10240.16384)

CPU:total 4 (2 cores per cpu, 2 threads per core) family 6 model 58 stepping 9, cmov, cx8, fxsr, mmx, sse, sse2, sse3, ssse3, sse4.1, sse4.2, popcnt, avx, clmul, erms, ht, tsc, tscinvbit, tscinv

Memory: 4k page, physical 7972188k(1434540k free), swap 22560472k(4624k free)

vm_info: OpenJDK 64-Bit Server VM (25.112-b06) for windows-amd64 JRE (1.8.0_112-release-b06), built on Dec  8 2016 00:54:26 by "builder" with MS VC++ 10.0 (VS2010)

time: Wed Jun 21 23:44:52 2017
elapsed time: 48 seconds (0d 0h 0m 48s)

